<?xml version="1.0" encoding="UTF-8"?>
<testng-results ignored="0" total="2" passed="2" failed="0" skipped="0">
  <reporter-output>
  </reporter-output>
  <suite started-at="2020-12-30T10:56:34 EST" name="Suite" finished-at="2020-12-30T10:56:44 EST" duration-ms="9934">
    <groups>
      <group name="regression">
        <method signature="Test1.printName()[pri:0, instance:testngtest.Test1@6dbb137d]" name="printName" class="testngtest.Test1"/>
      </group> <!-- regression -->
      <group name="smoke">
        <method signature="Test2.loginlogout()[pri:0, instance:testngtest.Test2@3c9d0b9d]" name="loginlogout" class="testngtest.Test2"/>
      </group> <!-- smoke -->
    </groups>
    <test started-at="2020-12-30T10:56:34 EST" name="Test" finished-at="2020-12-30T10:56:44 EST" duration-ms="9934">
      <class name="testngtest.Test1">
        <test-method is-config="true" signature="beforetest()[pri:0, instance:testngtest.Test1@6dbb137d]" started-at="2020-12-30T10:56:34 EST" name="beforetest" finished-at="2020-12-30T10:56:34 EST" duration-ms="12" status="PASS">
          <reporter-output>
          </reporter-output>
        </test-method> <!-- beforetest -->
        <test-method signature="printName()[pri:0, instance:testngtest.Test1@6dbb137d]" started-at="2020-12-30T10:56:34 EST" name="printName" finished-at="2020-12-30T10:56:34 EST" duration-ms="8" status="PASS">
          <reporter-output>
          </reporter-output>
        </test-method> <!-- printName -->
        <test-method is-config="true" signature="aftertest()[pri:0, instance:testngtest.Test1@6dbb137d]" started-at="2020-12-30T10:56:34 EST" name="aftertest" finished-at="2020-12-30T10:56:34 EST" duration-ms="0" status="PASS">
          <reporter-output>
          </reporter-output>
        </test-method> <!-- aftertest -->
      </class> <!-- testngtest.Test1 -->
      <class name="testngtest.Test2">
        <test-method signature="loginlogout()[pri:0, instance:testngtest.Test2@3c9d0b9d]" started-at="2020-12-30T10:56:34 EST" name="loginlogout" finished-at="2020-12-30T10:56:44 EST" duration-ms="9862" status="PASS">
          <reporter-output>
          </reporter-output>
        </test-method> <!-- loginlogout -->
      </class> <!-- testngtest.Test2 -->
    </test> <!-- Test -->
  </suite> <!-- Suite -->
</testng-results>
